2023-02-07 08:42:08,779 - root - INFO - ***** Test Test_004_See Card Details 
2023-02-07 08:42:08,779 - root - INFO - ***** Test Test_004_See Card Details 
2023-02-07 08:42:08,779 - root - INFO - ***** Test Test_004_See Card Details 
2023-02-07 08:42:08,779 - root - INFO - ***** Test Test_004_See Card Details 
2023-02-07 08:42:08,779 - root - INFO - ***** Test Test_004_See Card Details 
2023-02-07 08:42:08,779 - root - INFO - ***** Verifying See Card Details 
2023-02-07 08:42:08,779 - root - INFO - ***** Verifying See Card Details 
2023-02-07 08:42:08,779 - root - INFO - ***** Verifying See Card Details 
2023-02-07 08:42:08,779 - root - INFO - ***** Verifying See Card Details 
2023-02-07 08:42:08,779 - root - INFO - ***** Verifying See Card Details 
2023-02-07 08:42:56,771 - root - INFO - ***** See Card Details Passed 
2023-02-07 08:42:56,771 - root - INFO - ***** See Card Details Passed 
2023-02-07 08:42:56,771 - root - INFO - ***** See Card Details Passed 
2023-02-07 08:42:56,771 - root - INFO - ***** See Card Details Passed 
2023-02-07 08:42:56,771 - root - INFO - ***** See Card Details Passed 
2023-02-07 09:03:13,463 - root - INFO - ***** Test Test_004_See Card Details 
2023-02-07 09:03:13,463 - root - INFO - ***** Test Test_004_See Card Details 
2023-02-07 09:03:13,463 - root - INFO - ***** Test Test_004_See Card Details 
2023-02-07 09:03:13,463 - root - INFO - ***** Test Test_004_See Card Details 
2023-02-07 09:03:13,463 - root - INFO - ***** Test Test_004_See Card Details 
2023-02-07 09:03:13,464 - root - INFO - ***** Verifying See Card Details 
2023-02-07 09:03:13,464 - root - INFO - ***** Verifying See Card Details 
2023-02-07 09:03:13,464 - root - INFO - ***** Verifying See Card Details 
2023-02-07 09:03:13,464 - root - INFO - ***** Verifying See Card Details 
2023-02-07 09:03:13,464 - root - INFO - ***** Verifying See Card Details 
2023-02-07 09:03:59,841 - root - INFO - ***** See Card Details Passed 
2023-02-07 09:03:59,841 - root - INFO - ***** See Card Details Passed 
2023-02-07 09:03:59,841 - root - INFO - ***** See Card Details Passed 
2023-02-07 09:03:59,841 - root - INFO - ***** See Card Details Passed 
2023-02-07 09:03:59,841 - root - INFO - ***** See Card Details Passed 
2023-02-07 09:04:57,581 - root - INFO - ***** Test Test_004_See Card Details 
2023-02-07 09:04:57,581 - root - INFO - ***** Test Test_004_See Card Details 
2023-02-07 09:04:57,581 - root - INFO - ***** Test Test_004_See Card Details 
2023-02-07 09:04:57,581 - root - INFO - ***** Test Test_004_See Card Details 
2023-02-07 09:04:57,581 - root - INFO - ***** Test Test_004_See Card Details 
2023-02-07 09:04:57,582 - root - INFO - ***** Verifying See Card Details 
2023-02-07 09:04:57,582 - root - INFO - ***** Verifying See Card Details 
2023-02-07 09:04:57,582 - root - INFO - ***** Verifying See Card Details 
2023-02-07 09:04:57,582 - root - INFO - ***** Verifying See Card Details 
2023-02-07 09:04:57,582 - root - INFO - ***** Verifying See Card Details 
2023-02-07 09:05:46,538 - root - INFO - ***** See Card Details Passed 
2023-02-07 09:05:46,538 - root - INFO - ***** See Card Details Passed 
2023-02-07 09:05:46,538 - root - INFO - ***** See Card Details Passed 
2023-02-07 09:05:46,538 - root - INFO - ***** See Card Details Passed 
2023-02-07 09:05:46,538 - root - INFO - ***** See Card Details Passed 
2023-02-07 09:25:12,574 - root - INFO - ***** Test Test_004_See Card Details 
2023-02-07 09:25:12,574 - root - INFO - ***** Test Test_004_See Card Details 
2023-02-07 09:25:12,574 - root - INFO - ***** Test Test_004_See Card Details 
2023-02-07 09:25:12,574 - root - INFO - ***** Test Test_004_See Card Details 
2023-02-07 09:25:12,574 - root - INFO - ***** Test Test_004_See Card Details 
2023-02-07 09:25:12,574 - root - INFO - ***** Verifying See Card Details 
2023-02-07 09:25:12,574 - root - INFO - ***** Verifying See Card Details 
2023-02-07 09:25:12,574 - root - INFO - ***** Verifying See Card Details 
2023-02-07 09:25:12,574 - root - INFO - ***** Verifying See Card Details 
2023-02-07 09:25:12,574 - root - INFO - ***** Verifying See Card Details 
2023-02-07 09:26:18,103 - root - INFO - ***** Test Test_004_See Card Details 
2023-02-07 09:26:18,103 - root - INFO - ***** Test Test_004_See Card Details 
2023-02-07 09:26:18,103 - root - INFO - ***** Test Test_004_See Card Details 
2023-02-07 09:26:18,103 - root - INFO - ***** Test Test_004_See Card Details 
2023-02-07 09:26:18,103 - root - INFO - ***** Test Test_004_See Card Details 
2023-02-07 09:26:18,104 - root - INFO - ***** Verifying See Card Details 
2023-02-07 09:26:18,104 - root - INFO - ***** Verifying See Card Details 
2023-02-07 09:26:18,104 - root - INFO - ***** Verifying See Card Details 
2023-02-07 09:26:18,104 - root - INFO - ***** Verifying See Card Details 
2023-02-07 09:26:18,104 - root - INFO - ***** Verifying See Card Details 
2023-02-07 09:28:01,605 - root - INFO - ***** Test Test_004_See Card Details 
2023-02-07 09:28:01,605 - root - INFO - ***** Test Test_004_See Card Details 
2023-02-07 09:28:01,605 - root - INFO - ***** Test Test_004_See Card Details 
2023-02-07 09:28:01,605 - root - INFO - ***** Test Test_004_See Card Details 
2023-02-07 09:28:01,605 - root - INFO - ***** Test Test_004_See Card Details 
2023-02-07 09:28:01,606 - root - INFO - ***** Verifying See Card Details 
2023-02-07 09:28:01,606 - root - INFO - ***** Verifying See Card Details 
2023-02-07 09:28:01,606 - root - INFO - ***** Verifying See Card Details 
2023-02-07 09:28:01,606 - root - INFO - ***** Verifying See Card Details 
2023-02-07 09:28:01,606 - root - INFO - ***** Verifying See Card Details 
2023-02-07 09:28:47,410 - root - INFO - ***** See Card Details Passed 
2023-02-07 09:28:47,410 - root - INFO - ***** See Card Details Passed 
2023-02-07 09:28:47,410 - root - INFO - ***** See Card Details Passed 
2023-02-07 09:28:47,410 - root - INFO - ***** See Card Details Passed 
2023-02-07 09:28:47,410 - root - INFO - ***** See Card Details Passed 
2023-02-07 09:48:57,168 - root - INFO - ***** Test Test_005_Connect New Account
2023-02-07 09:48:57,168 - root - INFO - ***** Verifying Connect New Account 
2023-02-07 09:50:02,218 - root - INFO - ***** Test Test_005_Connect New Account
2023-02-07 09:50:02,218 - root - INFO - ***** Verifying Connect New Account 
2023-02-07 09:50:35,787 - root - INFO - ***** Test Test_005_Connect New Account
2023-02-07 09:50:35,787 - root - INFO - ***** Verifying Connect New Account 
2023-02-07 09:51:39,102 - root - INFO - ***** Test Test_005_Connect New Account
2023-02-07 09:51:39,102 - root - INFO - ***** Verifying Connect New Account 
2023-02-07 09:52:38,280 - root - INFO - ***** Test Test_005_Connect New Account
2023-02-07 09:52:38,280 - root - INFO - ***** Verifying Connect New Account 
2023-02-07 10:08:02,103 - root - INFO - ***** Test Test_005_Connect New Account
2023-02-07 10:08:02,103 - root - INFO - ***** Verifying Connect New Account 
2023-02-07 10:08:14,800 - root - ERROR - ***** Connect New Account Failed 
2023-02-07 10:08:14,800 - root - ERROR - Harap memastikan bahwa informasi yang Anda masukkan telah benar, dan mencoba kembali (632)
Ok
2023-02-07 10:11:37,785 - root - INFO - ***** Test Test_005_Connect New Account
2023-02-07 10:11:37,785 - root - INFO - ***** Verifying Connect New Account 
2023-02-07 10:17:58,222 - root - INFO - ***** Test Test_005_Connect New Account
2023-02-07 10:17:58,222 - root - INFO - ***** Verifying Connect New Account 
2023-02-07 10:19:15,828 - root - INFO - ***** Test Test_005_Connect New Account
2023-02-07 10:19:15,828 - root - INFO - ***** Verifying Connect New Account 
2023-02-07 10:20:21,890 - root - INFO - ***** Test Test_005_Connect New Account
2023-02-07 10:20:21,891 - root - INFO - ***** Verifying Connect New Account 
2023-02-07 10:25:43,665 - root - INFO - ***** Test Test_005_Connect New Account
2023-02-07 10:25:43,667 - root - INFO - ***** Verifying Connect New Account 
2023-02-07 10:57:19,550 - root - INFO - ***** Test Test_005_Connect New Account
2023-02-07 10:57:19,568 - root - INFO - ***** Verifying Connect New Account 
2023-02-07 10:57:51,078 - root - ERROR - ***** Connect New Account Failed 
2023-02-07 10:57:51,078 - root - ERROR - Transaksi tidak dapat diproses karena adanya masalah teknis. Silakan mencoba kembali atau hubungi Hello Danamon 1-500-090(Kode: ERR130014)
Ok
2023-02-07 10:58:47,586 - root - INFO - ***** Test Test_005_Connect New Account
2023-02-07 10:58:47,586 - root - INFO - ***** Verifying Connect New Account 
2023-02-07 10:59:53,434 - root - INFO - ***** Test Test_005_Connect New Account
2023-02-07 10:59:53,435 - root - INFO - ***** Verifying Connect New Account 
2023-02-07 11:01:35,640 - root - INFO - ***** Test Test_005_Connect New Account
2023-02-07 11:01:35,640 - root - INFO - ***** Verifying Connect New Account 
2023-02-07 11:02:59,001 - root - INFO - ***** Test Test_005_Connect New Account
2023-02-07 11:02:59,002 - root - INFO - ***** Verifying Connect New Account 
2023-02-07 11:04:05,197 - root - INFO - ***** Test Test_005_Connect New Account
2023-02-07 11:04:05,197 - root - INFO - ***** Verifying Connect New Account 
2023-02-07 11:05:13,748 - root - INFO - ***** Test Test_005_Connect New Account
2023-02-07 11:05:13,749 - root - INFO - ***** Verifying Connect New Account 
2023-02-07 12:59:58,257 - root - INFO - ***** Test Test_005_Connect New Account
2023-02-07 12:59:58,257 - root - INFO - ***** Verifying Connect New Account 
2023-02-07 13:03:45,594 - root - INFO - ***** Test Test_005_Connect New Account
2023-02-07 13:03:45,595 - root - INFO - ***** Verifying Connect New Account 
2023-02-07 13:05:05,463 - root - INFO - ***** Test Test_005_Connect New Account
2023-02-07 13:05:05,463 - root - INFO - ***** Verifying Connect New Account 
2023-02-07 13:07:52,853 - root - INFO - ***** Test Test_005_Connect New Account
2023-02-07 13:07:52,853 - root - INFO - ***** Verifying Connect New Account 
2023-02-07 13:14:25,745 - root - INFO - ***** Test Test_005_Connect New Account
2023-02-07 13:14:25,745 - root - INFO - ***** Verifying Connect New Account 
2023-02-07 13:19:15,124 - root - INFO - ***** Test Test_006_Delete Connected Account
2023-02-07 13:19:15,126 - root - INFO - ***** Verifying Delete Connected Account 
2023-02-07 13:20:29,723 - root - INFO - ***** Delete Connected Account Failed 
2023-02-07 13:21:16,133 - root - INFO - ***** Test Test_006_Delete Connected Account
2023-02-07 13:21:16,133 - root - INFO - ***** Verifying Delete Connected Account 
2023-02-07 13:24:17,930 - root - INFO - ***** Test Test_006_Delete Connected Account
2023-02-07 13:24:17,931 - root - INFO - ***** Verifying Delete Connected Account 
2023-02-07 13:28:02,392 - root - INFO - ***** Test Test_006_Delete Connected Account
2023-02-07 13:28:02,392 - root - INFO - ***** Verifying Delete Connected Account 
2023-02-07 13:28:36,950 - root - ERROR - ***** Delete Connected Account Failed 
2023-02-07 13:30:45,897 - root - INFO - ***** Test Test_006_Delete Connected Account
2023-02-07 13:30:45,897 - root - INFO - ***** Verifying Delete Connected Account 
2023-02-07 13:31:22,531 - root - ERROR - ***** Delete Connected Account Failed 
2023-02-07 13:31:22,531 - root - ERROR - ***** INVALID TEST DATA
2023-02-07 13:32:33,753 - root - INFO - ***** Test Test_006_Delete Connected Account
2023-02-07 13:32:33,753 - root - INFO - ***** Verifying Delete Connected Account 
2023-02-07 13:33:48,774 - root - INFO - ***** Delete Connected Account Passed 
2023-02-07 13:34:33,724 - root - INFO - ***** Test Test_004_See Card Details 
2023-02-07 13:34:33,724 - root - INFO - ***** Test Test_004_See Card Details 
2023-02-07 13:34:33,724 - root - INFO - ***** Test Test_004_See Card Details 
2023-02-07 13:34:33,724 - root - INFO - ***** Test Test_004_See Card Details 
2023-02-07 13:34:33,724 - root - INFO - ***** Test Test_004_See Card Details 
2023-02-07 13:34:33,724 - root - INFO - ***** Test Test_004_See Card Details 
2023-02-07 13:34:33,724 - root - INFO - ***** Verifying See Card Details 
2023-02-07 13:34:33,724 - root - INFO - ***** Verifying See Card Details 
2023-02-07 13:34:33,724 - root - INFO - ***** Verifying See Card Details 
2023-02-07 13:34:33,724 - root - INFO - ***** Verifying See Card Details 
2023-02-07 13:34:33,724 - root - INFO - ***** Verifying See Card Details 
2023-02-07 13:34:33,724 - root - INFO - ***** Verifying See Card Details 
2023-02-07 13:35:15,020 - root - INFO - ***** See Card Details Passed 
2023-02-07 13:35:15,020 - root - INFO - ***** See Card Details Passed 
2023-02-07 13:35:15,020 - root - INFO - ***** See Card Details Passed 
2023-02-07 13:35:15,020 - root - INFO - ***** See Card Details Passed 
2023-02-07 13:35:15,020 - root - INFO - ***** See Card Details Passed 
2023-02-07 13:35:15,020 - root - INFO - ***** See Card Details Passed 
2023-02-07 13:35:32,299 - root - INFO - ***** Test Test_005_Connect New Account
2023-02-07 13:35:32,299 - root - INFO - ***** Test Test_005_Connect New Account
2023-02-07 13:35:32,299 - root - INFO - ***** Test Test_005_Connect New Account
2023-02-07 13:35:32,299 - root - INFO - ***** Test Test_005_Connect New Account
2023-02-07 13:35:32,299 - root - INFO - ***** Test Test_005_Connect New Account
2023-02-07 13:35:32,299 - root - INFO - ***** Test Test_005_Connect New Account
2023-02-07 13:35:32,299 - root - INFO - ***** Verifying Connect New Account 
2023-02-07 13:35:32,299 - root - INFO - ***** Verifying Connect New Account 
2023-02-07 13:35:32,299 - root - INFO - ***** Verifying Connect New Account 
2023-02-07 13:35:32,299 - root - INFO - ***** Verifying Connect New Account 
2023-02-07 13:35:32,299 - root - INFO - ***** Verifying Connect New Account 
2023-02-07 13:35:32,299 - root - INFO - ***** Verifying Connect New Account 
2023-02-07 13:36:07,361 - root - INFO - ***** Test Test_006_Delete Connected Account
2023-02-07 13:36:07,361 - root - INFO - ***** Test Test_006_Delete Connected Account
2023-02-07 13:36:07,361 - root - INFO - ***** Test Test_006_Delete Connected Account
2023-02-07 13:36:07,361 - root - INFO - ***** Test Test_006_Delete Connected Account
2023-02-07 13:36:07,361 - root - INFO - ***** Test Test_006_Delete Connected Account
2023-02-07 13:36:07,361 - root - INFO - ***** Test Test_006_Delete Connected Account
2023-02-07 13:36:07,362 - root - INFO - ***** Verifying Delete Connected Account 
2023-02-07 13:36:07,362 - root - INFO - ***** Verifying Delete Connected Account 
2023-02-07 13:36:07,362 - root - INFO - ***** Verifying Delete Connected Account 
2023-02-07 13:36:07,362 - root - INFO - ***** Verifying Delete Connected Account 
2023-02-07 13:36:07,362 - root - INFO - ***** Verifying Delete Connected Account 
2023-02-07 13:36:07,362 - root - INFO - ***** Verifying Delete Connected Account 
2023-02-07 13:36:40,726 - root - ERROR - ***** Delete Connected Account Failed 
2023-02-07 13:36:40,726 - root - ERROR - ***** Delete Connected Account Failed 
2023-02-07 13:36:40,726 - root - ERROR - ***** Delete Connected Account Failed 
2023-02-07 13:36:40,726 - root - ERROR - ***** Delete Connected Account Failed 
2023-02-07 13:36:40,726 - root - ERROR - ***** Delete Connected Account Failed 
2023-02-07 13:36:40,726 - root - ERROR - ***** Delete Connected Account Failed 
2023-02-07 13:36:40,727 - root - ERROR - ***** INVALID TEST DATA
2023-02-07 13:36:40,727 - root - ERROR - ***** INVALID TEST DATA
2023-02-07 13:36:40,727 - root - ERROR - ***** INVALID TEST DATA
2023-02-07 13:36:40,727 - root - ERROR - ***** INVALID TEST DATA
2023-02-07 13:36:40,727 - root - ERROR - ***** INVALID TEST DATA
2023-02-07 13:36:40,727 - root - ERROR - ***** INVALID TEST DATA
